Command: cat ~/.openclaw_broken_1773740004/workspace/.live-pids/* 2>/dev/null || echo "No live PIDs"
Directory: (root)
Output: 📊 LIVE COUNTERS ACTIVATED
Mission: Numbers that never stop moving
./live-counters.sh: line 185: /data/data/com.termux/files/home/.openclaw/workspace/live-counters.log: No such file or directory
./live-counters.sh: line 181: /data/data/com.termux/files/home/.openclaw/workspace/live-counters.log.tmp: No such file or directory
./live-counters.sh: line 185: /data/data/com.termux/files/home/.openclaw/workspace/live-counters.log: No such file or directory
./live-counters.sh: line 181: /data/data/com.termux/files/home/.openclaw/workspace/live-counters.log.tmp: No such file or directory
./live-counters.sh: line 185: /data/data/com.termux/files/home/.openclaw/workspace/live-counters.log: No such file or directory
./live-counters.sh: line 181: /data/data/com.termux/files/home/.openclaw/workspace/live-counters.log.tmp: No such file or directory
./live-counters.sh: line 185: /data/data/com.termux/files/home/.openclaw/workspace/live-counters.log: No such file or directory
./live-counters.sh: line 181: /data/data/com.termux/files/home/.openclaw/workspace/live-counters.log.tmp: No such file or directory
./live-counters.sh: line 185: /data/data/com.termux/files/home/.openclaw/workspace/live-counters.log: No such file or directory
./live-counters.sh: line 181: /data/data/com.termux/files/home/.openclaw/workspace/live-counters.log.tmp: No such file or directory
./live-counters.sh: line 185: /data/data/com.termux/files/home/.openclaw/workspace/live-counters.log: No such file or directory
./live-counters.sh: line 181: /data/data/com.termux/files/home/.openclaw/workspace/live-counters.log.tmp: No such file or directory
./live-counters.sh: line 185: /data/data/com.termux/files/home/.openclaw/workspace/live-counters.log: No such file or directory
./live-counters.sh: line 181: /data/data/com.termux/files/home/.openclaw/workspace/live-counters.log.tmp: No such file or directory
./live-counters.sh: line 185: /data/data/com.termux/files/home/.openclaw/workspace/live-counters.log: No such file or directory
./live-counters.sh: line 181: /data/data/com.termux/files/home/.openclaw/workspace/live-counters.log.tmp: No such file or directory
./live-counters.sh: line 185: /data/data/com.termux/files/home/.openclaw/workspace/live-counters.log: No such file or directory
./live-counters.sh: line 181: /data/data/com.termux/files/home/.openclaw/workspace/live-counters.log.tmp: No such file or directory
./live-counters.sh: line 185: /data/data/com.termux/files/home/.openclaw/workspace/live-counters.log: No such file or directory
./live-counters.sh: line 181: /data/data/com.termux/files/home/.openclaw/workspace/live-counters.log.tmp: No such file or directory
./live-counters.sh: line 185: /data/data/com.termux/files/home/.openclaw/workspace/live-counters.log: No such file or directory
./live-counters.sh: line 181: /data/data/com.termux/files/home/.openclaw/workspace/live-counters.log.tmp: No such file or directory
./live-counters.sh: line 185: /data/data/com.termux/files/home/.openclaw/workspace/live-counters.log: No such file or directory
./live-counters.sh: line 181: /data/data/com.termux/files/home/.openclaw/workspace/live-counters.log.tmp: No such file or directory
./live-counters.sh: line 185: /data/data/com.termux/files/home/.openclaw/workspace/live-counters.log: No such file or directory
./live-counters.sh: line 181: /data/data/com.termux/files/home/.openclaw/workspace/live-counters.log.tmp: No such file or directory
./live-counters.sh: line 185: /data/data/com.termux/files/home/.openclaw/workspace/live-counters.log: No such file or directory
./live-counters.sh: line 181: /data/data/com.termux/files/home/.openclaw/workspace/live-counters.log.tmp: No such file or directory
./live-counters.sh: line 185: /data/data/com.termux/files/home/.openclaw/workspace/live-counters.log: No such file or directory
./live-counters.sh: line 181: /data/data/com.termux/files/home/.openclaw/workspace/live-counters.log.tmp: No such file or directory
./live-counters.sh: line 185: /data/data/com.termux/files/home/.openclaw/workspace/live-counters.log: No such file or directory
./live-counters.sh: line 181: /data/data/com.termux/files/home/.openclaw/workspace/live-counters.log.tmp: No such file or directory
./live-counters.sh: line 185: /data/data/com.termux/files/home/.openclaw/workspace/live-counters.log: No such file or directory
./live-counters.sh: line 181: /data/data/com.termux/files/home/.openclaw/workspace/live-counters.log.tmp: No such file or directory
./live-counters.sh: line 185: /data/data/com.termux/files/home/.openclaw/workspace/live-counters.log: No such file or directory
./live-counters.sh: line 181: /data/data/com.termux/files/home/.openclaw/workspace/live-counters.log.tmp: No such file or directory
./live-counters.sh: line 185: /data/data/com.termux/files/home/.openclaw/workspace/live-counters.log: No such file or directory
./live-counters.sh: line 181: /data/data/com.termux/files/home/.openclaw/workspace/live-counters.log.tmp: No such file or directory
./live-counters.sh: line 185: /data/data/com.termux/files/home/.openclaw/workspace/live-counters.log: No such file or directory
./live-counters.sh: line 181: /data/data/com.termux/files/home/.openclaw/workspace/live-counters.log.tmp: No such file or directory
./live-counters.sh: line 185: /data/data/com.termux/files/home/.openclaw/workspace/live-counters.log: No such file or directory
./live-counters.sh: line 181: /data/data/com.termux/files/home/.openclaw/workspace/live-counters.log.tmp: No such file or directory
./live-counters.sh: line 185: /data/data/com.termux/files/home/.openclaw/workspace/live-counters.log: No such file or directory
./live-counters.sh: line 181: /data/data/com.termux/files/home/.openclaw/workspace/live-counters.log.tmp: No such file or directory
./live-counters.sh: line 185: /data/data/com.termux/files/home/.openclaw/workspace/live-counters.log: No such file or directory
./live-counters.sh: line 181: /data/data/com.termux/files/home/.openclaw/workspace/live-counters.log.tmp: No such file or directory
./live-counters.sh: line 185: /data/data/com.termux/files/home/.openclaw/workspace/live-counters.log: No such file or directory
./live-counters.sh: line 181: /data/data/com.termux/files/home/.openclaw/workspace/live-counters.log.tmp: No such file or directory
./live-counters.sh: line 185: /data/data/com.termux/files/home/.openclaw/workspace/live-counters.log: No such file or directory
./live-counters.sh: line 181: /data/data/com.termux/files/home/.openclaw/workspace/live-counters.log.tmp: No such file or directory
./live-counters.sh: line 185: /data/data/com.termux/files/home/.openclaw/workspace/live-counters.log: No such file or directory
./live-counters.sh: line 181: /data/data/com.termux/files/home/.openclaw/workspace/live-counters.log.tmp: No such file or directory
./live-counters.sh: line 185: /data/data/com.termux/files/home/.openclaw/workspace/live-counters.log: No such file or directory
./live-counters.sh: line 181: /data/data/com.termux/files/home/.openclaw/workspace/live-counters.log.tmp: No such file or directory
./live-counters.sh: line 185: /data/data/com.termux/files/home/.openclaw/workspace/live-counters.log: No such file or directory
./live-counters.sh: line 181: /data/data/com.termux/files/home/.openclaw/workspace/live-counters.log.tmp: No such file or directory
./live-counters.sh: line 185: /data/data/com.termux/files/home/.openclaw/workspace/live-counters.log: No such file or directory
./live-counters.sh: line 181: /data/data/com.termux/files/home/.openclaw/workspace/live-counters.log.tmp: No such file or directory
./live-counters.sh: line 185: /data/data/com.termux/files/home/.openclaw/workspace/live-counters.log: No such file or directory
./live-counters.sh: line 181: /data/data/com.termux/files/home/.openclaw/workspace/live-counters.log.tmp: No such file or directory
./live-counters.sh: line 185: /data/data/com.termux/files/home/.openclaw/workspace/live-counters.log: No such file or directory
./live-counters.sh: line 181: /data/data/com.termux/files/home/.openclaw/workspace/live-counters.log.tmp: No such file or directory
./live-counters.sh: line 185: /data/data/com.termux/files/home/.openclaw/workspace/live-counters.log: No such file or directory
./live-counters.sh: line 181: /data/data/com.termux/files/home/.openclaw/workspace/live-counters.log.tmp: No such file or directory
./live-counters.sh: line 185: /data/data/com.termux/files/home/.openclaw/workspace/live-counters.log: No such file or directory
./live-counters.sh: line 181: /data/data/com.termux/files/home/.openclaw/workspace/live-counters.log.tmp: No such file or directory
./live-counters.sh: line 185: /data/data/com.termux/files/home/.openclaw/workspace/live-counters.log: No such file or directory
./live-counters.sh: line 181: /data/data/com.termux/files/home/.openclaw/workspace/live-counters.log.tmp: No such file or directory
./live-counters.sh: line 185: /data/data/com.termux/files/home/.openclaw/workspace/live-counters.log: No such file or directory
./live-counters.sh: line 181: /data/data/com.termux/files/home/.openclaw/workspace/live-counters.log.tmp: No such file or directory
./live-counters.sh: line 185: /data/data/com.termux/files/home/.openclaw/workspace/live-counters.log: No such file or directory
./live-counters.sh: line 181: /data/data/com.termux/files/home/.openclaw/workspace/live-counters.log.tmp: No such file or directory
./live-counters.sh: line 185: /data/data/com.termux/files/home/.openclaw/workspace/live-counters.log: No such file or directory
./live-counters.sh: line 181: /data/data/com.termux/files/home/.openclaw/workspace/live-counters.log.tmp: No such file or directory
./live-counters.sh: line 185: /data/data/com.termux/files/home/.openclaw/workspace/live-counters.log: No such file or directory
./live-counters.sh: line 181: /data/data/com.termux/files/home/.openclaw/workspace/live-counters.log.tmp: No such file or directory
./live-counters.sh: line 185: /data/data/com.termux/files/home/.openclaw/workspace/live-counters.log: No such file or directory
./live-counters.sh: line 181: /data/data/com.termux/files/home/.openclaw/workspace/live-counters.log.tmp: No such file or directory
./live-counters.sh: line 185: /data/data/com.termux/files/home/.openclaw/workspace/live-counters.log: No such file or directory
./live-counters.sh: line 181: /data/data/com.termux/files/home/.openclaw/workspace/live-counters.log.tmp: No such file or directory
./live-counters.sh: line 185: /data/data/com.termux/files/home/.openclaw/workspace/live-counters.log: No such file or directory
./live-counters.sh: line 181: /data/data/com.termux/files/home/.openclaw/workspace/live-counters.log.tmp: No such file or directory
./live-counters.sh: line 185: /data/data/com.termux/files/home/.openclaw/workspace/live-counters.log: No such file or directory
./live-counters.sh: line 181: /data/data/com.termux/files/home/.openclaw/workspace/live-counters.log.tmp: No such file or directory
./live-counters.sh: line 185: /data/data/com.termux/files/home/.openclaw/workspace/live-counters.log: No such file or directory
./live-counters.sh: line 181: /data/data/com.termux/files/home/.openclaw/workspace/live-counters.log.tmp: No such file or directory
./live-counters.sh: line 185: /data/data/com.termux/files/home/.openclaw/workspace/live-counters.log: No such file or directory
./live-counters.sh: line 181: /data/data/com.termux/files/home/.openclaw/workspace/live-counters.log.tmp: No such file or directory
./live-counters.sh: line 185: /data/data/com.termux/files/home/.openclaw/workspace/live-counters.log: No such file or directory
./live-counters.sh: line 181: /data/data/com.termux/files/home/.openclaw/workspace/live-counters.log.tmp: No such file or directory
./live-counters.sh: line 185: /data/data/com.termux/files/home/.openclaw/workspace/live-counters.log: No such file or directory
./live-counters.sh: line 181: /data/data/com.termux/files/home/.openclaw/workspace/live-counters.log.tmp: No such file or directory
./live-counters.sh: line 185: /data/data/com.termux/files/home/.openclaw/workspace/live-counters.log: No such file or directory
./live-counters.sh: line 181: /data/data/com.termux/files/home/.openclaw/workspace/live-counters.log.tmp: No such file or directory
./live-counters.sh: line 185: /data/data/com.termux/files/home/.openclaw/workspace/live-counters.log: No such file or directory
./live-counters.sh: line 181: /data/data/com.termux/files/home/.openclaw/workspace/live-counters.log.tmp: No such file or directory
./live-counters.sh: line 185: /data/data/com.termux/files/home/.openclaw/workspace/live-counters.log: No such file or directory
./live-counters.sh: line 181: /data/data/com.termux/files/home/.openclaw/workspace/live-counters.log.tmp: No such file or directory
./live-counters.sh: line 185: /data/data/com.termux/files/home/.openclaw/workspace/live-counters.log: No such file or directory
./live-counters.sh: line 181: /data/data/com.termux/files/home/.openclaw/workspace/live-counters.log.tmp: No such file or directory
./live-counters.sh: line 185: /data/data/com.termux/files/home/.openclaw/workspace/live-counters.log: No such file or directory
./live-counters.sh: line 181: /data/data/com.termux/files/home/.openclaw/workspace/live-counters.log.tmp: No such file or directory
./live-counters.sh: line 185: /data/data/com.termux/files/home/.openclaw/workspace/live-counters.log: No such file or directory
./live-counters.sh: line 181: /data/data/com.termux/files/home/.openclaw/workspace/live-counters.log.tmp: No such file or directory
./live-counters.sh: line 185: /data/data/com.termux/files/home/.openclaw/workspace/live-counters.log: No such file or directory
./live-counters.sh: line 181: /data/data/com.termux/files/home/.openclaw/workspace/live-counters.log.tmp: No such file or directory
./live-counters.sh: line 185: /data/data/com.termux/files/home/.openclaw/workspace/live-counters.log: No such file or directory
./live-counters.sh: line 181: /data/data/com.termux/files/home/.openclaw/workspace/live-counters.log.tmp: No such file or directory
./live-counters.sh: line 185: /data/data/com.termux/files/home/.openclaw/workspace/live-counters.log: No such file or directory
./live-counters.sh: line 181: /data/data/com.termux/files/home/.openclaw/workspace/live-counters.log.tmp: No such file or directory
./live-counters.sh: line 185: /data/data/com.termux/files/home/.openclaw/workspace/live-counters.log: No such file or directory
./live-counters.sh: line 181: /data/data/com.termux/files/home/.openclaw/workspace/live-counters.log.tmp: No such file or directory
./live-counters.sh: line 185: /data/data/com.termux/files/home/.openclaw/workspace/live-counters.log: No such file or directory
./live-counters.sh: line 181: /data/data/com.termux/files/home/.openclaw/workspace/live-counters.log.tmp: No such file or directory
./live-counters.sh: line 185: /data/data/com.termux/files/home/.openclaw/workspace/live-counters.log: No such file or directory
./live-counters.sh: line 181: /data/data/com.termux/files/home/.openclaw/workspace/live-counters.log.tmp: No such file or directory
./live-counters.sh: line 185: /data/data/com.termux/files/home/.openclaw/workspace/live-counters.log: No such file or directory
./live-counters.sh: line 181: /data/data/com.termux/files/home/.openclaw/workspace/live-counters.log.tmp: No such file or directory
./live-counters.sh: line 185: /data/data/com.termux/files/home/.openclaw/workspace/live-counters.log: No such file or directory
./live-counters.sh: line 181: /data/data/com.termux/files/home/.openclaw/workspace/live-counters.log.tmp: No such file or directory
./live-counters.sh: line 185: /data/data/com.termux/files/home/.openclaw/workspace/live-counters.log: No such file or directory
./live-counters.sh: line 181: /data/data/com.termux/files/home/.openclaw/workspace/live-counters.log.tmp: No such file or directory
./live-counters.sh: line 185: /data/data/com.termux/files/home/.openclaw/workspace/live-counters.log: No such file or directory
./live-counters.sh: line 181: /data/data/com.termux/files/home/.openclaw/workspace/live-counters.log.tmp: No such file or directory
./live-counters.sh: line 185: /data/data/com.termux/files/home/.openclaw/workspace/live-counters.log: No such file or directory
./live-counters.sh: line 181: /data/data/com.termux/files/home/.openclaw/workspace/live-counters.log.tmp: No such file or directory
./live-counters.sh: line 185: /data/data/com.termux/files/home/.openclaw/workspace/live-counters.log: No such file or directory
./live-counters.sh: line 181: /data/data/com.termux/files/home/.openclaw/workspace/live-counters.log.tmp: No such file or directory
./live-counters.sh: line 185: /data/data/com.termux/files/home/.openclaw/workspace/live-counters.log: No such file or directory
./live-counters.sh: line 181: /data/data/com.termux/files/home/.openclaw/workspace/live-counters.log.tmp: No such file or directory
./live-counters.sh: line 185: /data/data/com.termux/files/home/.openclaw/workspace/live-counters.log: No such file or directory
./live-counters.sh: line 181: /data/data/com.termux/files/home/.openclaw/workspace/live-counters.log.tmp: No such file or directory
./live-counters.sh: line 185: /data/data/com.termux/files/home/.openclaw/workspace/live-counters.log: No such file or directory
./live-counters.sh: line 181: /data/data/com.termux/files/home/.openclaw/workspace/live-counters.log.tmp: No such file or directory
./live-counters.sh: line 185: /data/data/com.termux/files/home/.openclaw/workspace/live-counters.log: No such file or directory
./live-counters.sh: line 181: /data/data/com.termux/files/home/.openclaw/workspace/live-counters.log.tmp: No such file or directory
./live-counters.sh: line 185: /data/data/com.termux/files/home/.openclaw/workspace/live-counters.log: No such file or directory
./live-counters.sh: line 181: /data/data/com.termux/files/home/.openclaw/workspace/live-counters.log.tmp: No such file or directory
./live-counters.sh: line 185: /data/data/com.termux/files/home/.openclaw/workspace/live-counters.log: No such file or directory
./live-counters.sh: line 181: /data/data/com.termux/files/home/.openclaw/workspace/live-counters.log.tmp: No such file or directory
./live-counters.sh: line 185: /data/data/com.termux/files/home/.openclaw/workspace/live-counters.log: No such file or directory
./live-counters.sh: line 181: /data/data/com.termux/files/home/.openclaw/workspace/live-counters.log.tmp: No such file or directory
./live-counters.sh: line 185: /data/data/com.termux/files/home/.openclaw/workspace/live-counters.log: No such file or directory
./live-counters.sh: line 181: /data/data/com.termux/files/home/.openclaw/workspace/live-counters.log.tmp: No such file or directory
./live-counters.sh: line 185: /data/data/com.termux/files/home/.openclaw/workspace/live-counters.log: No such file or directory
./live-counters.sh: line 181: /data/data/com.termux/files/home/.openclaw/workspace/live-counters.log.tmp: No such file or directory
./live-counters.sh: line 185: /data/data/com.termux/files/home/.openclaw/workspace/live-counters.log: No such file or directory
./live-counters.sh: line 181: /data/data/com.termux/files/home/.openclaw/workspace/live-counters.log.tmp: No such file or directory
./live-counters.sh: line 185: /data/data/com.termux/files/home/.openclaw/workspace/live-counters.log: No such file or directory
./live-counters.sh: line 181: /data/data/com.termux/files/home/.openclaw/workspace/live-counters.log.tmp: No such file or directory
./live-counters.sh: line 185: /data/data/com.termux/files/home/.openclaw/workspace/live-counters.log: No such file or directory
./live-counters.sh: line 181: /data/data/com.termux/files/home/.openclaw/workspace/live-counters.log.tmp: No such file or directory
./live-counters.sh: line 185: /data/data/com.termux/files/home/.openclaw/workspace/live-counters.log: No such file or directory
./live-counters.sh: line 181: /data/data/com.termux/files/home/.openclaw/workspace/live-counters.log.tmp: No such file or directory
./live-counters.sh: line 185: /data/data/com.termux/files/home/.openclaw/workspace/live-counters.log: No such file or directory
./live-counters.sh: line 181: /data/data/com.termux/files/home/.openclaw/workspace/live-counters.log.tmp: No such file or directory
./live-counters.sh: line 185: /data/data/com.termux/files/home/.openclaw/workspace/live-counters.log: No such file or directory
./live-counters.sh: line 181: /data/data/com.termux/files/home/.openclaw/workspace/live-counters.log.tmp: No such file or directory
./live-counters.sh: line 185: /data/data/com.termux/files/home/.openclaw/workspace/live-counters.log: No such file or directory
./live-counters.sh: line 181: /data/data/com.termux/files/home/.openclaw/workspace/live-counters.log.tmp: No such file or directory
./live-counters.sh: line 185: /data/data/com.termux/files/home/.openclaw/workspace/live-counters.log: No such file or directory
./live-counters.sh: line 181: /data/data/com.termux/files/home/.openclaw/workspace/live-counters.log.tmp: No such file or directory
./live-counters.sh: line 185: /data/data/com.termux/files/home/.openclaw/workspace/live-counters.log: No such file or directory
./live-counters.sh: line 181: /data/data/com.termux/files/home/.openclaw/workspace/live-counters.log.tmp: No such file or directory
./live-counters.sh: line 185: /data/data/com.termux/files/home/.openclaw/workspace/live-counters.log: No such file or directory
./live-counters.sh: line 181: /data/data/com.termux/files/home/.openclaw/workspace/live-counters.log.tmp: No such file or directory
./live-counters.sh: line 185: /data/data/com.termux/files/home/.openclaw/workspace/live-counters.log: No such file or directory
./live-counters.sh: line 181: /data/data/com.termux/files/home/.openclaw/workspace/live-counters.log.tmp: No such file or directory
./live-counters.sh: line 185: /data/data/com.termux/files/home/.openclaw/workspace/live-counters.log: No such file or directory
./live-counters.sh: line 181: /data/data/com.termux/files/home/.openclaw/workspace/live-counters.log.tmp: No such file or directory
./live-counters.sh: line 185: /data/data/com.termux/files/home/.openclaw/workspace/live-counters.log: No such file or directory
./live-counters.sh: line 181: /data/data/com.termux/files/home/.openclaw/workspace/live-counters.log.tmp: No such file or directory
./live-counters.sh: line 185: /data/data/com.termux/files/home/.openclaw/workspace/live-counters.log: No such file or directory
./live-counters.sh: line 181: /data/data/com.termux/files/home/.openclaw/workspace/live-counters.log.tmp: No such file or directory
./live-counters.sh: line 185: /data/data/com.termux/files/home/.openclaw/workspace/live-counters.log: No such file or directory
./live-counters.sh: line 181: /data/data/com.termux/files/home/.openclaw/workspace/live-counters.log.tmp: No such file or directory
./live-counters.sh: line 185: /data/data/com.termux/files/home/.openclaw/workspace/live-counters.log: No such file or directory
./live-counters.sh: line 181: /data/data/com.termux/files/home/.openclaw/workspace/live-counters.log.tmp: No such file or directory
./live-counters.sh: line 185: /data/data/com.termux/files/home/.openclaw/workspace/live-counters.log: No such file or directory
./live-counters.sh: line 181: /data/data/com.termux/files/home/.openclaw/workspace/live-counters.log.tmp: No such file or directory
./live-counters.sh: line 185: /data/data/com.termux/files/home/.openclaw/workspace/live-counters.log: No such file or directory
./live-counters.sh: line 181: /data/data/com.termux/files/home/.openclaw/workspace/live-counters.log.tmp: No such file or directory
./live-counters.sh: line 185: /data/data/com.termux/files/home/.openclaw/workspace/live-counters.log: No such file or directory
./live-counters.sh: line 181: /data/data/com.termux/files/home/.openclaw/workspace/live-counters.log.tmp: No such file or directory
./live-counters.sh: line 185: /data/data/com.termux/files/home/.openclaw/workspace/live-counters.log: No such file or directory
./live-counters.sh: line 181: /data/data/com.termux/files/home/.openclaw/workspace/live-counters.log.tmp: No such file or directory
./live-counters.sh: line 185: /data/data/com.termux/files/home/.openclaw/workspace/live-counters.log: No such file or directory
./live-counters.sh: line 181: /data/data/com.termux/files/home/.openclaw/workspace/live-counters.log.tmp: No such file or directory
./live-counters.sh: line 185: /data/data/com.termux/files/home/.openclaw/workspace/live-counters.log: No such file or directory
./live-counters.sh: line 181: /data/data/com.termux/files/home/.openclaw/workspace/live-counters.log.tmp: No such file or directory
./live-counters.sh: line 185: /data/data/com.termux/files/home/.openclaw/workspace/live-counters.log: No such file or directory
./live-counters.sh: line 181: /data/data/com.termux/files/home/.openclaw/workspace/live-counters.log.tmp: No such file or directory
./live-counters.sh: line 185: /data/data/com.termux/files/home/.openclaw/workspace/live-counters.log: No such file or directory
./live-counters.sh: line 181: /data/data/com.termux/files/home/.openclaw/workspace/live-counters.log.tmp: No such file or directory
./live-counters.sh: line 185: /data/data/com.termux/files/home/.openclaw/workspace/live-counters.log: No such file or directory
./live-counters.sh: line 181: /data/data/com.termux/files/home/.openclaw/workspace/live-counters.log.tmp: No such file or directory
./live-counters.sh: line 185: /data/data/com.termux/files/home/.openclaw/workspace/live-counters.log: No such file or directory
./live-counters.sh: line 181: /data/data/com.termux/files/home/.openclaw/workspace/live-counters.log.tmp: No such file or directory
./live-counters.sh: line 185: /data/data/com.termux/files/home/.openclaw/workspace/live-counters.log: No such file or directory
./live-counters.sh: line 181: /data/data/com.termux/files/home/.openclaw/workspace/live-counters.log.tmp: No such file or directory
./live-counters.sh: line 185: /data/data/com.termux/files/home/.openclaw/workspace/live-counters.log: No such file or directory
./live-counters.sh: line 181: /data/data/com.termux/files/home/.openclaw/workspace/live-counters.log.tmp: No such file or directory
./live-counters.sh: line 185: /data/data/com.termux/files/home/.openclaw/workspace/live-counters.log: No such file or directory
./live-counters.sh: line 181: /data/data/com.termux/files/home/.openclaw/workspace/live-counters.log.tmp: No such file or directory
./live-counters.sh: line 185: /data/data/com.termux/files/home/.openclaw/workspace/live-counters.log: No such file or directory
./live-counters.sh: line 181: /data/data/com.termux/files/home/.openclaw/workspace/live-counters.log.tmp: No such file or directory
./live-counters.sh: line 185: /data/data/com.termux/files/home/.openclaw/workspace/live-counters.log: No such file or directory
./live-counters.sh: line 181: /data/data/com.termux/files/home/.openclaw/workspace/live-counters.log.tmp: No such file or directory
./live-counters.sh: line 185: /data/data/com.termux/files/home/.openclaw/workspace/live-counters.log: No such file or directory
./live-counters.sh: line 181: /data/data/com.termux/files/home/.openclaw/workspace/live-counters.log.tmp: No such file or directory
./live-counters.sh: line 185: /data/data/com.termux/files/home/.openclaw/workspace/live-counters.log: No such file or directory
./live-counters.sh: line 181: /data/data/com.termux/files/home/.openclaw/workspace/live-counters.log.tmp: No such file or directory
./live-counters.sh: line 185: /data/data/com.termux/files/home/.openclaw/workspace/live-counters.log: No such file or directory
./live-counters.sh: line 181: /data/data/com.termux/files/home/.openclaw/workspace/live-counters.log.tmp: No such file or directory
./live-counters.sh: line 185: /data/data/com.termux/files/home/.openclaw/workspace/live-counters.log: No such file or directory
./live-counters.sh: line 181: /data/data/com.termux/files/home/.openclaw/workspace/live-counters.log.tmp: No such file or directory
./live-counters.sh: line 185: /data/data/com.termux/files/home/.openclaw/workspace/live-counters.log: No such file or directory
./live-counters.sh: line 181: /data/data/com.termux/files/home/.openclaw/workspace/live-counters.log.tmp: No such file or directory
./live-counters.sh: line 185: /data/data/com.termux/files/home/.openclaw/workspace/live-counters.log: No such file or directory
./live-counters.sh: line 181: /data/data/com.termux/files/home/.openclaw/workspace/live-counters.log.tmp: No such file or directory
./live-counters.sh: line 185: /data/data/com.termux/files/home/.openclaw/workspace/live-counters.log: No such file or directory
./live-counters.sh: line 181: /data/data/com.termux/files/home/.openclaw/workspace/live-counters.log.tmp: No such file or directory
./live-counters.sh: line 185: /data/data/com.termux/files/home/.openclaw/workspace/live-counters.log: No such file or directory
./live-counters.sh: line 181: /data/data/com.termux/files/home/.openclaw/workspace/live-counters.log.tmp: No such file or directory
./live-counters.sh: line 185: /data/data/com.termux/files/home/.openclaw/workspace/live-counters.log: No such file or directory
./live-counters.sh: line 181: /data/data/com.termux/files/home/.openclaw/workspace/live-counters.log.tmp: No such file or directory
./live-counters.sh: line 185: /data/data/com.termux/files/home/.openclaw/workspace/live-counters.log: No such file or directory
./live-counters.sh: line 181: /data/data/com.termux/files/home/.openclaw/workspace/live-counters.log.tmp: No such file or directory
./live-counters.sh: line 185: /data/data/com.termux/files/home/.openclaw/workspace/live-counters.log: No such file or directory
./live-counters.sh: line 181: /data/data/com.termux/files/home/.openclaw/workspace/live-counters.log.tmp: No such file or directory
./live-counters.sh: line 185: /data/data/com.termux/files/home/.openclaw/workspace/live-counters.log: No such file or directory
./live-counters.sh: line 181: /data/data/com.termux/files/home/.openclaw/workspace/live-counters.log.tmp: No such file or directory
./live-counters.sh: line 185: /data/data/com.termux/files/home/.openclaw/workspace/live-counters.log: No such file or directory
./live-counters.sh: line 181: /data/data/com.termux/files/home/.openclaw/workspace/live-counters.log.tmp: No such file or directory
./live-counters.sh: line 185: /data/data/com.termux/files/home/.openclaw/workspace/live-counters.log: No such file or directory
./live-counters.sh: line 181: /data/data/com.termux/files/home/.openclaw/workspace/live-counters.log.tmp: No such file or directory
./live-counters.sh: line 185: /data/data/com.termux/files/home/.openclaw/workspace/live-counters.log: No such file or directory
./live-counters.sh: line 181: /data/data/com.termux/files/home/.openclaw/workspace/live-counters.log.tmp: No such file or directory
./live-counters.sh: line 185: /data/data/com.termux/files/home/.openclaw/workspace/live-counters.log: No such file or directory
./live-counters.sh: line 181: /data/data/com.termux/files/home/.openclaw/workspace/live-counters.log.tmp: No such file or directory
./live-counters.sh: line 185: /data/data/com.termux/files/home/.openclaw/workspace/live-counters.log: No such file or directory
./live-counters.sh: line 181: /data/data/com.termux/files/home/.openclaw/workspace/live-counters.log.tmp: No such file or directory
./live-counters.sh: line 185: /data/data/com.termux/files/home/.openclaw/workspace/live-counters.log: No such file or directory
./live-counters.sh: line 181: /data/data/com.termux/files/home/.openclaw/workspace/live-counters.log.tmp: No such file or directory
./live-counters.sh: line 185: /data/data/com.termux/files/home/.openclaw/workspace/live-counters.log: No such file or directory
./live-counters.sh: line 181: /data/data/com.termux/files/home/.openclaw/workspace/live-counters.log.tmp: No such file or directory
./live-counters.sh: line 185: /data/data/com.termux/files/home/.openclaw/workspace/live-counters.log: No such file or directory
./live-counters.sh: line 181: /data/data/com.termux/files/home/.openclaw/workspace/live-counters.log.tmp: No such file or directory
./live-counters.sh: line 185: /data/data/com.termux/files/home/.openclaw/workspace/live-counters.log: No such file or directory
./live-counters.sh: line 181: /data/data/com.termux/files/home/.openclaw/workspace/live-counters.log.tmp: No such file or directory
./live-counters.sh: line 185: /data/data/com.termux/files/home/.openclaw/workspace/live-counters.log: No such file or directory
./live-counters.sh: line 181: /data/data/com.termux/files/home/.openclaw/workspace/live-counters.log.tmp: No such file or directory
./live-counters.sh: line 185: /data/data/com.termux/files/home/.openclaw/workspace/live-counters.log: No such file or directory
./live-counters.sh: line 181: /data/data/com.termux/files/home/.openclaw/workspace/live-counters.log.tmp: No such file or directory
./live-counters.sh: line 185: /data/data/com.termux/files/home/.openclaw/workspace/live-counters.log: No such file or directory
./live-counters.sh: line 181: /data/data/com.termux/files/home/.openclaw/workspace/live-counters.log.tmp: No such file or directory
./live-counters.sh: line 185: /data/data/com.termux/files/home/.openclaw/workspace/live-counters.log: No such file or directory
./live-counters.sh: line 181: /data/data/com.termux/files/home/.openclaw/workspace/live-counters.log.tmp: No such file or directory
./live-counters.sh: line 185: /data/data/com.termux/files/home/.openclaw/workspace/live-counters.log: No such file or directory
./live-counters.sh: line 181: /data/data/com.termux/files/home/.openclaw/workspace/live-counters.log.tmp: No such file or directory
./live-counters.sh: line 185: /data/data/com.termux/files/home/.openclaw/workspace/live-counters.log: No such file or directory
./live-counters.sh: line 181: /data/data/com.termux/files/home/.openclaw/workspace/live-counters.log.tmp: No such file or directory
./live-counters.sh: line 185: /data/data/com.termux/files/home/.openclaw/workspace/live-counters.log: No such file or directory
./live-counters.sh: line 181: /data/data/com.termux/files/home/.openclaw/workspace/live-counters.log.tmp: No such file or directory
./live-counters.sh: line 185: /data/data/com.termux/files/home/.openclaw/workspace/live-counters.log: No such file or directory
./live-counters.sh: line 181: /data/data/com.termux/files/home/.openclaw/workspace/live-counters.log.tmp: No such file or directory
./live-counters.sh: line 185: /data/data/com.termux/files/home/.openclaw/workspace/live-counters.log: No such file or directory
./live-counters.sh: line 181: /data/data/com.termux/files/home/.openclaw/workspace/live-counters.log.tmp: No such file or directory
./live-counters.sh: line 185: /data/data/com.termux/files/home/.openclaw/workspace/live-counters.log: No such file or directory
./live-counters.sh: line 181: /data/data/com.termux/files/home/.openclaw/workspace/live-counters.log.tmp: No such file or directory
./live-counters.sh: line 185: /data/data/com.termux/files/home/.openclaw/workspace/live-counters.log: No such file or directory
./live-counters.sh: line 181: /data/data/com.termux/files/home/.openclaw/workspace/live-counters.log.tmp: No such file or directory
./live-counters.sh: line 185: /data/data/com.termux/files/home/.openclaw/workspace/live-counters.log: No such file or directory
./live-counters.sh: line 181: /data/data/com.termux/files/home/.openclaw/workspace/live-counters.log.tmp: No such file or directory
./live-counters.sh: line 185: /data/data/com.termux/files/home/.openclaw/workspace/live-counters.log: No such file or directory
./live-counters.sh: line 181: /data/data/com.termux/files/home/.openclaw/workspace/live-counters.log.tmp: No such file or directory
./live-counters.sh: line 185: /data/data/com.termux/files/home/.openclaw/workspace/live-counters.log: No such file or directory
./live-counters.sh: line 181: /data/data/com.termux/files/home/.openclaw/workspace/live-counters.log.tmp: No such file or directory
./live-counters.sh: line 185: /data/data/com.termux/files/home/.openclaw/workspace/live-counters.log: No such file or directory
./live-counters.sh: line 181: /data/data/com.termux/files/home/.openclaw/workspace/live-counters.log.tmp: No such file or directory
./live-counters.sh: line 185: /data/data/com.termux/files/home/.openclaw/workspace/live-counters.log: No such file or directory
./live-counters.sh: line 181: /data/data/com.termux/files/home/.openclaw/workspace/live-counters.log.tmp: No such file or directory
./live-counters.sh: line 185: /data/data/com.termux/files/home/.openclaw/workspace/live-counters.log: No such file or directory
./live-counters.sh: line 181: /data/data/com.termux/files/home/.openclaw/workspace/live-counters.log.tmp: No such file or directory
./live-counters.sh: line 185: /data/data/com.termux/files/home/.openclaw/workspace/live-counters.log: No such file or directory
./live-counters.sh: line 181: /data/data/com.termux/files/home/.openclaw/workspace/live-counters.log.tmp: No such file or directory
./live-counters.sh: line 185: /data/data/com.termux/files/home/.openclaw/workspace/live-counters.log: No such file or directory
./live-counters.sh: line 181: /data/data/com.termux/files/home/.openclaw/workspace/live-counters.log.tmp: No such file or directory
./live-counters.sh: line 185: /data/data/com.termux/files/home/.openclaw/workspace/live-counters.log: No such file or directory
./live-counters.sh: line 181: /data/data/com.termux/files/home/.openclaw/workspace/live-counters.log.tmp: No such file or directory
./live-counters.sh: line 185: /data/data/com.termux/files/home/.openclaw/workspace/live-counters.log: No such file or directory
./live-counters.sh: line 181: /data/data/com.termux/files/home/.openclaw/workspace/live-counters.log.tmp: No such file or directory
./live-counters.sh: line 185: /data/data/com.termux/files/home/.openclaw/workspace/live-counters.log: No such file or directory
./live-counters.sh: line 181: /data/data/com.termux/files/home/.openclaw/workspace/live-counters.log.tmp: No such file or directory
./live-counters.sh: line 185: /data/data/com.termux/files/home/.openclaw/workspace/live-counters.log: No such file or directory
./live-counters.sh: line 181: /data/data/com.termux/files/home/.openclaw/workspace/live-counters.log.tmp: No such file or directory
./live-counters.sh: line 185: /data/data/com.termux/files/home/.openclaw/workspace/live-counters.log: No such file or directory
./live-counters.sh: line 181: /data/data/com.termux/files/home/.openclaw/workspace/live-counters.log.tmp: No such file or directory
./live-counters.sh: line 185: /data/data/com.termux/files/home/.openclaw/workspace/live-counters.log: No such file or directory
./live-counters.sh: line 181: /data/data/com.termux/files/home/.openclaw/workspace/live-counters.log.tmp: No such file or directory
./live-counters.sh: line 185: /data/data/com.termux/files/home/.openclaw/workspace/live-counters.log: No such file or directory
./live-counters.sh: line 181: /data/data/com.termux/files/home/.openclaw/workspace/live-counters.log.tmp: No such file or directory
./live-counters.sh: line 185: /data/data/com.termux/files/home/.openclaw/workspace/live-counters.log: No such file or directory
./live-counters.sh: line 181: /data/data/com.termux/files/home/.openclaw/workspace/live-counters.log.tmp: No such file or directory
./live-counters.sh: line 185: /data/data/com.termux/files/home/.openclaw/workspace/live-counters.log: No such file or directory
./live-counters.sh: line 181: /data/data/com.termux/files/home/.openclaw/workspace/live-counters.log.tmp: No such file or directory
./live-counters.sh: line 185: /data/data/com.termux/files/home/.openclaw/workspace/live-counters.log: No such file or directory
./live-counters.sh: line 181: /data/data/com.termux/files/home/.openclaw/workspace/live-counters.log.tmp: No such file or directory
./live-counters.sh: line 185: /data/data/com.termux/files/home/.openclaw/workspace/live-counters.log: No such file or directory
./live-counters.sh: line 181: /data/data/com.termux/files/home/.openclaw/workspace/live-counters.log.tmp: No such file or directory
./live-counters.sh: line 185: /data/data/com.termux/files/home/.openclaw/workspace/live-counters.log: No such file or directory
./live-counters.sh: line 181: /data/data/com.termux/files/home/.openclaw/workspace/live-counters.log.tmp: No such file or directory
./live-counters.sh: line 185: /data/data/com.termux/files/home/.openclaw/workspace/live-counters.log: No such file or directory
./live-counters.sh: line 181: /data/data/com.termux/files/home/.openclaw/workspace/live-counters.log.tmp: No such file or directory
./live-counters.sh: line 185: /data/data/com.termux/files/home/.openclaw/workspace/live-counters.log: No such file or directory
./live-counters.sh: line 181: /data/data/com.termux/files/home/.openclaw/workspace/live-counters.log.tmp: No such file or directory
./live-counters.sh: line 185: /data/data/com.termux/files/home/.openclaw/workspace/live-counters.log: No such file or directory
./live-counters.sh: line 181: /data/data/com.termux/files/home/.openclaw/workspace/live-counters.log.tmp: No such file or directory
./live-counters.sh: line 185: /data/data/com.termux/files/home/.openclaw/workspace/live-counters.log: No such file or directory
./live-counters.sh: line 181: /data/data/com.termux/files/home/.openclaw/workspace/live-counters.log.tmp: No such file or directory
./live-counters.sh: line 185: /data/data/com.termux/files/home/.openclaw/workspace/live-counters.log: No such file or directory
./live-counters.sh: line 181: /data/data/com.termux/files/home/.openclaw/workspace/live-counters.log.tmp: No such file or directory
./live-counters.sh: line 185: /data/data/com.termux/files/home/.openclaw/workspace/live-counters.log: No such file or directory
./live-counters.sh: line 181: /data/data/com.termux/files/home/.openclaw/workspace/live-counters.log.tmp: No such file or directory
./live-counters.sh: line 185: /data/data/com.termux/files/home/.openclaw/workspace/live-counters.log: No such file or directory
./live-counters.sh: line 181: /data/data/com.termux/files/home/.openclaw/workspace/live-counters.log.tmp: No such file or directory
./live-counters.sh: line 185: /data/data/com.termux/files/home/.openclaw/workspace/live-counters.log: No such file or directory
./live-counters.sh: line 181: /data/data/com.termux/files/home/.openclaw/workspace/live-counters.log.tmp: No such file or directory
./live-counters.sh: line 185: /data/data/com.termux/files/home/.openclaw/workspace/live-counters.log: No such file or directory
./live-counters.sh: line 181: /data/data/com.termux/files/home/.openclaw/workspace/live-counters.log.tmp: No such file or directory
./live-counters.sh: line 185: /data/data/com.termux/files/home/.openclaw/workspace/live-counters.log: No such file or directory
./live-counters.sh: line 181: /data/data/com.termux/files/home/.openclaw/workspace/live-counters.log.tmp: No such file or directory
./live-counters.sh: line 185: /data/data/com.termux/files/home/.openclaw/workspace/live-counters.log: No such file or directory
./live-counters.sh: line 181: /data/data/com.termux/files/home/.openclaw/workspace/live-counters.log.tmp: No such file or directory
./live-counters.sh: line 185: /data/data/com.termux/files/home/.openclaw/workspace/live-counters.log: No such file or directory
./live-counters.sh: line 181: /data/data/com.termux/files/home/.openclaw/workspace/live-counters.log.tmp: No such file or directory
./live-counters.sh: line 185: /data/data/com.termux/files/home/.openclaw/workspace/live-counters.log: No such file or directory
./live-counters.sh: line 181: /data/data/com.termux/files/home/.openclaw/workspace/live-counters.log.tmp: No such file or directory
./live-counters.sh: line 185: /data/data/com.termux/files/home/.openclaw/workspace/live-counters.log: No such file or directory
./live-counters.sh: line 181: /data/data/com.termux/files/home/.openclaw/workspace/live-counters.log.tmp: No such file or directory
./live-counters.sh: line 185: /data/data/com.termux/files/home/.openclaw/workspace/live-counters.log: No such file or directory
./live-counters.sh: line 181: /data/data/com.termux/files/home/.openclaw/workspace/live-counters.log.tmp: No such file or directory
./live-counters.sh: line 185: /data/data/com.termux/files/home/.openclaw/workspace/live-counters.log: No such file or directory
./live-counters.sh: line 181: /data/data/com.termux/files/home/.openclaw/workspace/live-counters.log.tmp: No such file or directory
./live-counters.sh: line 185: /data/data/com.termux/files/home/.openclaw/workspace/live-counters.log: No such file or directory
./live-counters.sh: line 181: /data/data/com.termux/files/home/.openclaw/workspace/live-counters.log.tmp: No such file or directory
./live-counters.sh: line 185: /data/data/com.termux/files/home/.openclaw/workspace/live-counters.log: No such file or directory
./live-counters.sh: line 181: /data/data/com.termux/files/home/.openclaw/workspace/live-counters.log.tmp: No such file or directory
./live-counters.sh: line 185: /data/data/com.termux/files/home/.openclaw/workspace/live-counters.log: No such file or directory
./live-counters.sh: line 181: /data/data/com.termux/files/home/.openclaw/workspace/live-counters.log.tmp: No such file or directory
./live-counters.sh: line 185: /data/data/com.termux/files/home/.openclaw/workspace/live-counters.log: No such file or directory
./live-counters.sh: line 181: /data/data/com.termux/files/home/.openclaw/workspace/live-counters.log.tmp: No such file or directory
./live-counters.sh: line 185: /data/data/com.termux/files/home/.openclaw/workspace/live-counters.log: No such file or directory
./live-counters.sh: line 181: /data/data/com.termux/files/home/.openclaw/workspace/live-counters.log.tmp: No such file or directory
./live-counters.sh: line 185: /data/data/com.termux/files/home/.openclaw/workspace/live-counters.log: No such file or directory
./live-counters.sh: line 181: /data/data/com.termux/files/home/.openclaw/workspace/live-counters.log.tmp: No such file or directory
./live-counters.sh: line 185: /data/data/com.termux/files/home/.openclaw/workspace/live-counters.log: No such file or directory
./live-counters.sh: line 181: /data/data/com.termux/files/home/.openclaw/workspace/live-counters.log.tmp: No such file or directory
./live-counters.sh: line 185: /data/data/com.termux/files/home/.openclaw/workspace/live-counters.log: No such file or directory
./live-counters.sh: line 181: /data/data/com.termux/files/home/.openclaw/workspace/live-counters.log.tmp: No such file or directory
./live-counters.sh: line 185: /data/data/com.termux/files/home/.openclaw/workspace/live-counters.log: No such file or directory
./live-counters.sh: line 181: /data/data/com.termux/files/home/.openclaw/workspace/live-counters.log.tmp: No such file or directory
./live-counters.sh: line 185: /data/data/com.termux/files/home/.openclaw/workspace/live-counters.log: No such file or directory
./live-counters.sh: line 181: /data/data/com.termux/files/home/.openclaw/workspace/live-counters.log.tmp: No such file or directory
./live-counters.sh: line 185: /data/data/com.termux/files/home/.openclaw/workspace/live-counters.log: No such file or directory
./live-counters.sh: line 181: /data/data/com.termux/files/home/.openclaw/workspace/live-counters.log.tmp: No such file or directory
./live-counters.sh: line 185: /data/data/com.termux/files/home/.openclaw/workspace/live-counters.log: No such file or directory
./live-counters.sh: line 181: /data/data/com.termux/files/home/.openclaw/workspace/live-counters.log.tmp: No such file or directory
./live-counters.sh: line 185: /data/data/com.termux/files/home/.openclaw/workspace/live-counters.log: No such file or directory
./live-counters.sh: line 181: /data/data/com.termux/files/home/.openclaw/workspace/live-counters.log.tmp: No such file or directory
./live-counters.sh: line 185: /data/data/com.termux/files/home/.openclaw/workspace/live-counters.log: No such file or directory
./live-counters.sh: line 181: /data/data/com.termux/files/home/.openclaw/workspace/live-counters.log.tmp: No such file or directory
./live-counters.sh: line 185: /data/data/com.termux/files/home/.openclaw/workspace/live-counters.log: No such file or directory
./live-counters.sh: line 181: /data/data/com.termux/files/home/.openclaw/workspace/live-counters.log.tmp: No such file or directory
./live-counters.sh: line 185: /data/data/com.termux/files/home/.openclaw/workspace/live-counters.log: No such file or directory
./live-counters.sh: line 181: /data/data/com.termux/files/home/.openclaw/workspace/live-counters.log.tmp: No such file or directory
./live-counters.sh: line 185: /data/data/com.termux/files/home/.openclaw/workspace/live-counters.log: No such file or directory
./live-counters.sh: line 181: /data/data/com.termux/files/home/.openclaw/workspace/live-counters.log.tmp: No such file or directory
5210
🔗 LIVE LINK UPDATER ACTIVATED
Mission: Instant link detection and cataloging
./live-link-updater.sh: line 169: /data/data/com.termux/files/home/.openclaw/workspace/live-link-updater.log: No such file or directory
./live-link-updater.sh: line 165: /data/data/com.termux/files/home/.openclaw/workspace/live-link-updater.log.tmp: No such file or directory
./live-link-updater.sh: line 169: /data/data/com.termux/files/home/.openclaw/workspace/live-link-updater.log: No such file or directory
./live-link-updater.sh: line 165: /data/data/com.termux/files/home/.openclaw/workspace/live-link-updater.log.tmp: No such file or directory
./live-link-updater.sh: line 169: /data/data/com.termux/files/home/.openclaw/workspace/live-link-updater.log: No such file or directory
./live-link-updater.sh: line 165: /data/data/com.termux/files/home/.openclaw/workspace/live-link-updater.log.tmp: No such file or directory
./live-link-updater.sh: line 169: /data/data/com.termux/files/home/.openclaw/workspace/live-link-updater.log: No such file or directory
./live-link-updater.sh: line 165: /data/data/com.termux/files/home/.openclaw/workspace/live-link-updater.log.tmp: No such file or directory
./live-link-updater.sh: line 169: /data/data/com.termux/files/home/.openclaw/workspace/live-link-updater.log: No such file or directory
./live-link-updater.sh: line 165: /data/data/com.termux/files/home/.openclaw/workspace/live-link-updater.log.tmp: No such file or directory
./live-link-updater.sh: line 169: /data/data/com.termux/files/home/.openclaw/workspace/live-link-updater.log: No such file or directory
./live-link-updater.sh: line 165: /data/data/com.termux/files/home/.openclaw/workspace/live-link-updater.log.tmp: No such file or directory
./live-link-updater.sh: line 169: /data/data/com.termux/files/home/.openclaw/workspace/live-link-updater.log: No such file or directory
./live-link-updater.sh: line 165: /data/data/com.termux/files/home/.openclaw/workspace/live-link-updater.log.tmp: No such file or directory
./live-link-updater.sh: line 169: /data/data/com.termux/files/home/.openclaw/workspace/live-link-updater.log: No such file or directory
./live-link-updater.sh: line 165: /data/data/com.termux/files/home/.openclaw/workspace/live-link-updater.log.tmp: No such file or directory
./live-link-updater.sh: line 169: /data/data/com.termux/files/home/.openclaw/workspace/live-link-updater.log: No such file or directory
./live-link-updater.sh: line 165: /data/data/com.termux/files/home/.openclaw/workspace/live-link-updater.log.tmp: No such file or directory
./live-link-updater.sh: line 169: /data/data/com.termux/files/home/.openclaw/workspace/live-link-updater.log: No such file or directory
./live-link-updater.sh: line 165: /data/data/com.termux/files/home/.openclaw/workspace/live-link-updater.log.tmp: No such file or directory
./live-link-updater.sh: line 169: /data/data/com.termux/files/home/.openclaw/workspace/live-link-updater.log: No such file or directory
./live-link-updater.sh: line 165: /data/data/com.termux/files/home/.openclaw/workspace/live-link-updater.log.tmp: No such file or directory
./live-link-updater.sh: line 169: /data/data/com.termux/files/home/.openclaw/workspace/live-link-updater.log: No such file or directory
./live-link-updater.sh: line 165: /data/data/com.termux/files/home/.openclaw/workspace/live-link-updater.log.tmp: No such file or directory
./live-link-updater.sh: line 169: /data/data/com.termux/files/home/.openclaw/workspace/live-link-updater.log: No such file or directory
./live-link-updater.sh: line 165: /data/data/com.termux/files/home/.openclaw/workspace/live-link-updater.log.tmp: No such file or directory
./live-link-updater.sh: line 169: /data/data/com.termux/files/home/.openclaw/workspace/live-link-updater.log: No such file or directory
./live-link-updater.sh: line 165: /data/data/com.termux/files/home/.openclaw/workspace/live-link-updater.log.tmp: No such file or directory
./live-link-updater.sh: line 169: /data/data/com.termux/files/home/.openclaw/workspace/live-link-updater.log: No such file or directory
./live-link-updater.sh: line 165: /data/data/com.termux/files/home/.openclaw/workspace/live-link-updater.log.tmp: No such file or directory
./live-link-updater.sh: line 169: /data/data/com.termux/files/home/.openclaw/workspace/live-link-updater.log: No such file or directory
./live-link-updater.sh: line 165: /data/data/com.termux/files/home/.openclaw/workspace/live-link-updater.log.tmp: No such file or directory
./live-link-updater.sh: line 169: /data/data/com.termux/files/home/.openclaw/workspace/live-link-updater.log: No such file or directory
./live-link-updater.sh: line 165: /data/data/com.termux/files/home/.openclaw/workspace/live-link-updater.log.tmp: No such file or directory
./live-link-updater.sh: line 169: /data/data/com.termux/files/home/.openclaw/workspace/live-link-updater.log: No such file or directory
./live-link-updater.sh: line 165: /data/data/com.termux/files/home/.openclaw/workspace/live-link-updater.log.tmp: No such file or directory
./live-link-updater.sh: line 169: /data/data/com.termux/files/home/.openclaw/workspace/live-link-updater.log: No such file or directory
./live-link-updater.sh: line 165: /data/data/com.termux/files/home/.openclaw/workspace/live-link-updater.log.tmp: No such file or directory
./live-link-updater.sh: line 169: /data/data/com.termux/files/home/.openclaw/workspace/live-link-updater.log: No such file or directory
./live-link-updater.sh: line 165: /data/data/com.termux/files/home/.openclaw/workspace/live-link-updater.log.tmp: No such file or directory
./live-link-updater.sh: line 169: /data/data/com.termux/files/home/.openclaw/workspace/live-link-updater.log: No such file or directory
./live-link-updater.sh: line 165: /data/data/com.termux/files/home/.openclaw/workspace/live-link-updater.log.tmp: No such file or directory
./live-link-updater.sh: line 169: /data/data/com.termux/files/home/.openclaw/workspace/live-link-updater.log: No such file or directory
./live-link-updater.sh: line 165: /data/data/com.termux/files/home/.openclaw/workspace/live-link-updater.log.tmp: No such file or directory
./live-link-updater.sh: line 169: /data/data/com.termux/files/home/.openclaw/workspace/live-link-updater.log: No such file or directory
./live-link-updater.sh: line 165: /data/data/com.termux/files/home/.openclaw/workspace/live-link-updater.log.tmp: No such file or directory
./live-link-updater.sh: line 169: /data/data/com.termux/files/home/.openclaw/workspace/live-link-updater.log: No such file or directory
./live-link-updater.sh: line 165: /data/data/com.termux/files/home/.openclaw/workspace/live-link-updater.log.tmp: No such file or directory
./live-link-updater.sh: line 169: /data/data/com.termux/files/home/.openclaw/workspace/live-link-updater.log: No such file or directory
./live-link-updater.sh: line 165: /data/data/com.termux/files/home/.openclaw/workspace/live-link-updater.log.tmp: No such file or directory
./live-link-updater.sh: line 169: /data/data/com.termux/files/home/.openclaw/workspace/live-link-updater.log: No such file or directory
./live-link-updater.sh: line 165: /data/data/com.termux/files/home/.openclaw/workspace/live-link-updater.log.tmp: No such file or directory
./live-link-updater.sh: line 169: /data/data/com.termux/files/home/.openclaw/workspace/live-link-updater.log: No such file or directory
./live-link-updater.sh: line 165: /data/data/com.termux/files/home/.openclaw/workspace/live-link-updater.log.tmp: No such file or directory
./live-link-updater.sh: line 169: /data/data/com.termux/files/home/.openclaw/workspace/live-link-updater.log: No such file or directory
./live-link-updater.sh: line 165: /data/data/com.termux/files/home/.openclaw/workspace/live-link-updater.log.tmp: No such file or directory
./live-link-updater.sh: line 169: /data/data/com.termux/files/home/.openclaw/workspace/live-link-updater.log: No such file or directory
./live-link-updater.sh: line 165: /data/data/com.termux/files/home/.openclaw/workspace/live-link-updater.log.tmp: No such file or directory
./live-link-updater.sh: line 169: /data/data/com.termux/files/home/.openclaw/workspace/live-link-updater.log: No such file or directory
./live-link-updater.sh: line 165: /data/data/com.termux/files/home/.openclaw/workspace/live-link-updater.log.tmp: No such file or directory
./live-link-updater.sh: line 169: /data/data/com.termux/files/home/.openclaw/workspace/live-link-updater.log: No such file or directory
./live-link-updater.sh: line 165: /data/data/com.termux/files/home/.openclaw/workspace/live-link-updater.log.tmp: No such file or directory
5082
🔔 LIVE NOTIFICATION SYSTEM ACTIVATED
Mission: Instant alerts for ecosystem events
./live-notifications.sh: line 275: /data/data/com.termux/files/home/.openclaw/workspace/live-notifications.log: No such file or directory
./live-notifications.sh: line 271: /data/data/com.termux/files/home/.openclaw/workspace/live-notifications.log.tmp: No such file or directory
./live-notifications.sh: line 275: /data/data/com.termux/files/home/.openclaw/workspace/live-notifications.log: No such file or directory
./live-notifications.sh: line 271: /data/data/com.termux/files/home/.openclaw/workspace/live-notifications.log.tmp: No such file or directory
./live-notifications.sh: line 275: /data/data/com.termux/files/home/.openclaw/workspace/live-notifications.log: No such file or directory
./live-notifications.sh: line 271: /data/data/com.termux/files/home/.openclaw/workspace/live-notifications.log.tmp: No such file or directory
./live-notifications.sh: line 275: /data/data/com.termux/files/home/.openclaw/workspace/live-notifications.log: No such file or directory
./live-notifications.sh: line 271: /data/data/com.termux/files/home/.openclaw/workspace/live-notifications.log.tmp: No such file or directory
./live-notifications.sh: line 275: /data/data/com.termux/files/home/.openclaw/workspace/live-notifications.log: No such file or directory
./live-notifications.sh: line 271: /data/data/com.termux/files/home/.openclaw/workspace/live-notifications.log.tmp: No such file or directory
./live-notifications.sh: line 275: /data/data/com.termux/files/home/.openclaw/workspace/live-notifications.log: No such file or directory
./live-notifications.sh: line 271: /data/data/com.termux/files/home/.openclaw/workspace/live-notifications.log.tmp: No such file or directory
./live-notifications.sh: line 275: /data/data/com.termux/files/home/.openclaw/workspace/live-notifications.log: No such file or directory
./live-notifications.sh: line 271: /data/data/com.termux/files/home/.openclaw/workspace/live-notifications.log.tmp: No such file or directory
./live-notifications.sh: line 275: /data/data/com.termux/files/home/.openclaw/workspace/live-notifications.log: No such file or directory
./live-notifications.sh: line 271: /data/data/com.termux/files/home/.openclaw/workspace/live-notifications.log.tmp: No such file or directory
./live-notifications.sh: line 275: /data/data/com.termux/files/home/.openclaw/workspace/live-notifications.log: No such file or directory
./live-notifications.sh: line 271: /data/data/com.termux/files/home/.openclaw/workspace/live-notifications.log.tmp: No such file or directory
./live-notifications.sh: line 275: /data/data/com.termux/files/home/.openclaw/workspace/live-notifications.log: No such file or directory
./live-notifications.sh: line 271: /data/data/com.termux/files/home/.openclaw/workspace/live-notifications.log.tmp: No such file or directory
./live-notifications.sh: line 275: /data/data/com.termux/files/home/.openclaw/workspace/live-notifications.log: No such file or directory
./live-notifications.sh: line 271: /data/data/com.termux/files/home/.openclaw/workspace/live-notifications.log.tmp: No such file or directory
./live-notifications.sh: line 275: /data/data/com.termux/files/home/.openclaw/workspace/live-notifications.log: No such file or directory
./live-notifications.sh: line 271: /data/data/com.termux/files/home/.openclaw/workspace/live-notifications.log.tmp: No such file or directory
./live-notifications.sh: line 275: /data/data/com.termux/files/home/.openclaw/workspace/live-notifications.log: No such file or directory
./live-notifications.sh: line 271: /data/data/com.termux/files/home/.openclaw/workspace/live-notifications.log.tmp: No such file or directory
./live-notifications.sh: line 275: /data/data/com.termux/files/home/.openclaw/workspace/live-notifications.log: No such file or directory
./live-notifications.sh: line 271: /data/data/com.termux/files/home/.openclaw/workspace/live-notifications.log.tmp: No such file or directory
./live-notifications.sh: line 275: /data/data/com.termux/files/home/.openclaw/workspace/live-notifications.log: No such file or directory
./live-notifications.sh: line 271: /data/data/com.termux/files/home/.openclaw/workspace/live-notifications.log.tmp: No such file or directory
./live-notifications.sh: line 275: /data/data/com.termux/files/home/.openclaw/workspace/live-notifications.log: No such file or directory
./live-notifications.sh: line 271: /data/data/com.termux/files/home/.openclaw/workspace/live-notifications.log.tmp: No such file or directory
./live-notifications.sh: line 275: /data/data/com.termux/files/home/.openclaw/workspace/live-notifications.log: No such file or directory
./live-notifications.sh: line 271: /data/data/com.termux/files/home/.openclaw/workspace/live-notifications.log.tmp: No such file or directory
./live-notifications.sh: line 275: /data/data/com.termux/files/home/.openclaw/workspace/live-notifications.log: No such file or directory
./live-notifications.sh: line 271: /data/data/com.termux/files/home/.openclaw/workspace/live-notifications.log.tmp: No such file or directory
./live-notifications.sh: line 275: /data/data/com.termux/files/home/.openclaw/workspace/live-notifications.log: No such file or directory
./live-notifications.sh: line 271: /data/data/com.termux/files/home/.openclaw/workspace/live-notifications.log.tmp: No such file or directory
./live-notifications.sh: line 275: /data/data/com.termux/files/home/.openclaw/workspace/live-notifications.log: No such file or directory
./live-notifications.sh: line 271: /data/data/com.termux/files/home/.openclaw/workspace/live-notifications.log.tmp: No such file or directory
./live-notifications.sh: line 275: /data/data/com.termux/files/home/.openclaw/workspace/live-notifications.log: No such file or directory
./live-notifications.sh: line 271: /data/data/com.termux/files/home/.openclaw/workspace/live-notifications.log.tmp: No such file or directory
./live-notifications.sh: line 275: /data/data/com.termux/files/home/.openclaw/workspace/live-notifications.log: No such file or directory
./live-notifications.sh: line 271: /data/data/com.termux/files/home/.openclaw/workspace/live-notifications.log.tmp: No such file or directory
./live-notifications.sh: line 275: /data/data/com.termux/files/home/.openclaw/workspace/live-notifications.log: No such file or directory
./live-notifications.sh: line 271: /data/data/com.termux/files/home/.openclaw/workspace/live-notifications.log.tmp: No such file or directory
./live-notifications.sh: line 275: /data/data/com.termux/files/home/.openclaw/workspace/live-notifications.log: No such file or directory
./live-notifications.sh: line 271: /data/data/com.termux/files/home/.openclaw/workspace/live-notifications.log.tmp: No such file or directory
./live-notifications.sh: line 275: /data/data/com.termux/files/home/.openclaw/workspace/live-notifications.log: No such file or directory
./live-notifications.sh: line 271: /data/data/com.termux/files/home/.openclaw/workspace/live-notifications.log.tmp: No such file or directory
./live-notifications.sh: line 275: /data/data/com.termux/files/home/.openclaw/workspace/live-notifications.log: No such file or directory
./live-notifications.sh: line 271: /data/data/com.termux/files/home/.openclaw/workspace/live-notifications.log.tmp: No such file or directory
./live-notifications.sh: line 275: /data/data/com.termux/files/home/.openclaw/workspace/live-notifications.log: No such file or directory
./live-notifications.sh: line 271: /data/data/com.termux/files/home/.openclaw/workspace/live-notifications.log.tmp: No such file or directory
./live-notifications.sh: line 275: /data/data/com.termux/files/home/.openclaw/workspace/live-notifications.log: No such file or directory
./live-notifications.sh: line 271: /data/data/com.termux/files/home/.openclaw/workspace/live-notifications.log.tmp: No such file or directory
./live-notifications.sh: line 275: /data/data/com.termux/files/home/.openclaw/workspace/live-notifications.log: No such file or directory
./live-notifications.sh: line 271: /data/data/com.termux/files/home/.openclaw/workspace/live-notifications.log.tmp: No such file or directory
./live-notifications.sh: line 275: /data/data/com.termux/files/home/.openclaw/workspace/live-notifications.log: No such file or directory
./live-notifications.sh: line 271: /data/data/com.termux/files/home/.openclaw/workspace/live-notifications.log.tmp: No such file or directory
./live-notifications.sh: line 275: /data/data/com.termux/files/home/.openclaw/workspace/live-notifications.log: No such file or directory
./live-notifications.sh: line 271: /data/data/com.termux/files/home/.openclaw/workspace/live-notifications.log.tmp: No such file or directory
./live-notifications.sh: line 275: /data/data/com.termux/files/home/.openclaw/workspace/live-notifications.log: No such file or directory
./live-notifications.sh: line 271: /data/data/com.termux/files/home/.openclaw/workspace/live-notifications.log.tmp: No such file or directory
./live-notifications.sh: line 275: /data/data/com.termux/files/home/.openclaw/workspace/live-notifications.log: No such file or directory
./live-notifications.sh: line 271: /data/data/com.termux/files/home/.openclaw/workspace/live-notifications.log.tmp: No such file or directory
./live-notifications.sh: line 275: /data/data/com.termux/files/home/.openclaw/workspace/live-notifications.log: No such file or directory
./live-notifications.sh: line 271: /data/data/com.termux/files/home/.openclaw/workspace/live-notifications.log.tmp: No such file or directory
./live-notifications.sh: line 275: /data/data/com.termux/files/home/.openclaw/workspace/live-notifications.log: No such file or directory
./live-notifications.sh: line 271: /data/data/com.termux/files/home/.openclaw/workspace/live-notifications.log.tmp: No such file or directory
./live-notifications.sh: line 275: /data/data/com.termux/files/home/.openclaw/workspace/live-notifications.log: No such file or directory
./live-notifications.sh: line 271: /data/data/com.termux/files/home/.openclaw/workspace/live-notifications.log.tmp: No such file or directory
./live-notifications.sh: line 275: /data/data/com.termux/files/home/.openclaw/workspace/live-notifications.log: No such file or directory
./live-notifications.sh: line 271: /data/data/com.termux/files/home/.openclaw/workspace/live-notifications.log.tmp: No such file or directory
./live-notifications.sh: line 275: /data/data/com.termux/files/home/.openclaw/workspace/live-notifications.log: No such file or directory
./live-notifications.sh: line 271: /data/data/com.termux/files/home/.openclaw/workspace/live-notifications.log.tmp: No such file or directory
./live-notifications.sh: line 275: /data/data/com.termux/files/home/.openclaw/workspace/live-notifications.log: No such file or directory
./live-notifications.sh: line 271: /data/data/com.termux/files/home/.openclaw/workspace/live-notifications.log.tmp: No such file or directory
./live-notifications.sh: line 275: /data/data/com.termux/files/home/.openclaw/workspace/live-notifications.log: No such file or directory
./live-notifications.sh: line 271: /data/data/com.termux/files/home/.openclaw/workspace/live-notifications.log.tmp: No such file or directory
./live-notifications.sh: line 275: /data/data/com.termux/files/home/.openclaw/workspace/live-notifications.log: No such file or directory
./live-notifications.sh: line 271: /data/data/com.termux/files/home/.openclaw/workspace/live-notifications.log.tmp: No such file or directory
./live-notifications.sh: line 275: /data/data/com.termux/files/home/.openclaw/workspace/live-notifications.log: No such file or directory
./live-notifications.sh: line 271: /data/data/com.termux/files/home/.openclaw/workspace/live-notifications.log.tmp: No such file or directory
./live-notifications.sh: line 275: /data/data/com.termux/files/home/.openclaw/workspace/live-notifications.log: No such file or directory
./live-notifications.sh: line 271: /data/data/com.termux/files/home/.openclaw/workspace/live-notifications.log.tmp: No such file or directory
./live-notifications.sh: line 275: /data/data/com.termux/files/home/.openclaw/workspace/live-notifications.log: No such file or directory
./live-notifications.sh: line 271: /data/data/com.termux/files/home/.openclaw/workspace/live-notifications.log.tmp: No such file or directory
./live-notifications.sh: line 275: /data/data/com.termux/files/home/.openclaw/workspace/live-notifications.log: No such file or directory
./live-notifications.sh: line 271: /data/data/com.termux/files/home/.openclaw/workspace/live-notifications.log.tmp: No such file or directory
./live-notifications.sh: line 275: /data/data/com.termux/files/home/.openclaw/workspace/live-notifications.log: No such file or directory
./live-notifications.sh: line 271: /data/data/com.termux/files/home/.openclaw/workspace/live-notifications.log.tmp: No such file or directory
./live-notifications.sh: line 275: /data/data/com.termux/files/home/.openclaw/workspace/live-notifications.log: No such file or directory
./live-notifications.sh: line 271: /data/data/com.termux/files/home/.openclaw/workspace/live-notifications.log.tmp: No such file or directory
./live-notifications.sh: line 275: /data/data/com.termux/files/home/.openclaw/workspace/live-notifications.log: No such file or directory
./live-notifications.sh: line 271: /data/data/com.termux/files/home/.openclaw/workspace/live-notifications.log.tmp: No such file or directory
./live-notifications.sh: line 275: /data/data/com.termux/files/home/.openclaw/workspace/live-notifications.log: No such file or directory
./live-notifications.sh: line 271: /data/data/com.termux/files/home/.openclaw/workspace/live-notifications.log.tmp: No such file or directory
./live-notifications.sh: line 275: /data/data/com.termux/files/home/.openclaw/workspace/live-notifications.log: No such file or directory
./live-notifications.sh: line 271: /data/data/com.termux/files/home/.openclaw/workspace/live-notifications.log.tmp: No such file or directory
./live-notifications.sh: line 275: /data/data/com.termux/files/home/.openclaw/workspace/live-notifications.log: No such file or directory
./live-notifications.sh: line 271: /data/data/com.termux/files/home/.openclaw/workspace/live-notifications.log.tmp: No such file or directory
./live-notifications.sh: line 275: /data/data/com.termux/files/home/.openclaw/workspace/live-notifications.log: No such file or directory
./live-notifications.sh: line 271: /data/data/com.termux/files/home/.openclaw/workspace/live-notifications.log.tmp: No such file or directory
./live-notifications.sh: line 275: /data/data/com.termux/files/home/.openclaw/workspace/live-notifications.log: No such file or directory
./live-notifications.sh: line 271: /data/data/com.termux/files/home/.openclaw/workspace/live-notifications.log.tmp: No such file or directory
./live-notifications.sh: line 275: /data/data/com.termux/files/home/.openclaw/workspace/live-notifications.log: No such file or directory
./live-notifications.sh: line 271: /data/data/com.termux/files/home/.openclaw/workspace/live-notifications.log.tmp: No such file or directory
./live-notifications.sh: line 275: /data/data/com.termux/files/home/.openclaw/workspace/live-notifications.log: No such file or directory
./live-notifications.sh: line 271: /data/data/com.termux/files/home/.openclaw/workspace/live-notifications.log.tmp: No such file or directory
./live-notifications.sh: line 275: /data/data/com.termux/files/home/.openclaw/workspace/live-notifications.log: No such file or directory
./live-notifications.sh: line 271: /data/data/com.termux/files/home/.openclaw/workspace/live-notifications.log.tmp: No such file or directory
./live-notifications.sh: line 275: /data/data/com.termux/files/home/.openclaw/workspace/live-notifications.log: No such file or directory
./live-notifications.sh: line 271: /data/data/com.termux/files/home/.openclaw/workspace/live-notifications.log.tmp: No such file or directory
./live-notifications.sh: line 275: /data/data/com.termux/files/home/.openclaw/workspace/live-notifications.log: No such file or directory
./live-notifications.sh: line 271: /data/data/com.termux/files/home/.openclaw/workspace/live-notifications.log.tmp: No such file or directory
./live-notifications.sh: line 275: /data/data/com.termux/files/home/.openclaw/workspace/live-notifications.log: No such file or directory
./live-notifications.sh: line 271: /data/data/com.termux/files/home/.openclaw/workspace/live-notifications.log.tmp: No such file or directory
./live-notifications.sh: line 275: /data/data/com.termux/files/home/.openclaw/workspace/live-notifications.log: No such file or directory
./live-notifications.sh: line 271: /data/data/com.termux/files/home/.openclaw/workspace/live-notifications.log.tmp: No such file or directory
./live-notifications.sh: line 275: /data/data/com.termux/files/home/.openclaw/workspace/live-notifications.log: No such file or directory
./live-notifications.sh: line 271: /data/data/com.termux/files/home/.openclaw/workspace/live-notifications.log.tmp: No such file or directory
./live-notifications.sh: line 275: /data/data/com.termux/files/home/.openclaw/workspace/live-notifications.log: No such file or directory
./live-notifications.sh: line 271: /data/data/com.termux/files/home/.openclaw/workspace/live-notifications.log.tmp: No such file or directory
./live-notifications.sh: line 275: /data/data/com.termux/files/home/.openclaw/workspace/live-notifications.log: No such file or directory
./live-notifications.sh: line 271: /data/data/com.termux/files/home/.openclaw/workspace/live-notifications.log.tmp: No such file or directory
./live-notifications.sh: line 275: /data/data/com.termux/files/home/.openclaw/workspace/live-notifications.log: No such file or directory
./live-notifications.sh: line 271: /data/data/com.termux/files/home/.openclaw/workspace/live-notifications.log.tmp: No such file or directory
5455
🔥 LIVE UPDATER SOUL AWAKENING 🔥
Started: Mon Mar 16 23:21:08 CDT 2026 | PID: 5026 | Mission: MAKE EVERYTHING FEEL ALIVE
💓 Heartbeat every 30 seconds | Updates flowing constantly
./live-updater.sh: line 203: /data/data/com.termux/files/home/.openclaw/workspace/live-updater.log: No such file or directory
./live-updater.sh: line 204: /data/data/com.termux/files/home/repos/plt-press/live-updater.sh: No such file or directory
5026
Error: (none)
Exit Code: 0
Signal: (none)
Process Group PGID: (none)